\BOOKMARK [0][-]{chapter.1}{Introdu\347\343o}{}% 1
\BOOKMARK [1][-]{section.1.1}{Objetivo}{chapter.1}% 2
\BOOKMARK [1][-]{section.1.2}{Justificativa}{chapter.1}% 3
\BOOKMARK [1][-]{section.1.3}{Organiza\347\343o do Trabalho}{chapter.1}% 4
\BOOKMARK [0][-]{chapter.2}{Fundamenta\347\343o Te\363rica}{}% 5
\BOOKMARK [1][-]{section.2.1}{Segmenta\347\343o}{chapter.2}% 6
\BOOKMARK [2][-]{subsection.2.1.1}{Detec\347\343o de Pele}{section.2.1}% 7
\BOOKMARK [2][-]{subsection.2.1.2}{Detec\347\343o de Borda}{section.2.1}% 8
\BOOKMARK [2][-]{subsection.2.1.3}{Detec\347\343o de Face}{section.2.1}% 9
\BOOKMARK [1][-]{section.2.2}{Classifica\347\343o}{chapter.2}% 10
\BOOKMARK [2][-]{subsection.2.2.1}{Classificador k-NN}{section.2.2}% 11
\BOOKMARK [0][-]{chapter.3}{Material e M\351todos ou Desenvolvimento do Projeto}{}% 12
\BOOKMARK [1][-]{section.3.1}{Material}{chapter.3}% 13
\BOOKMARK [1][-]{section.3.2}{M\351todos}{chapter.3}% 14
\BOOKMARK [2][-]{subsection.3.2.1}{Captura da Imagem}{section.3.2}% 15
\BOOKMARK [2][-]{subsection.3.2.2}{Pr\351-Processamento}{section.3.2}% 16
\BOOKMARK [0][-]{chapter.4}{Resultados e Discuss\365es}{}% 17
\BOOKMARK [0][-]{chapter.5}{Conclus\343o ou Conclus\365es}{}% 18
\BOOKMARK [0][-]{section*.4}{Refer\352ncias}{}% 19
\BOOKMARK [0][-]{section*.6}{Ap\352ndices}{}% 20
\BOOKMARK [0][-]{Apêndice.1.A}{Ap\352ndice Cuidados e orienta\347\365es para a elabora\347\343o de texto}{}% 21
\BOOKMARK [0][-]{Apêndice.1.B}{Ap\352ndice Apresenta\347\343o do TCC}{}% 22
\BOOKMARK [0][-]{Apêndice.1.C}{Ap\352ndice Monografia Parcial do TCC}{}% 23
\BOOKMARK [0][-]{Apêndice.1.C}{Anexos}{}% 24
\BOOKMARK [0][-]{chapter.1}{Aquilo que n\343o \351 de sua autoria}{}% 25
\BOOKMARK [0][-]{chapter.2}{Aquilo que n\343o \351 de sua autoria mas voc\352 julga importante colocar aqui}{}% 26
